<?xml version="1.0" encoding="UTF-8"?>
<!-- Generated by org.testng.reporters.JUnitReportReporter -->
<testsuite hostname="DESKTOP-PSORTJL" name="org.qa.tests.Calc2" tests="4" failures="0" timestamp="4 Apr 2019 19:36:13 GMT" time="0.000" errors="0">
  <testcase name="divide2" time="0.000" classname="org.qa.tests.Calc2"/>
  <testcase name="subtract2" time="0.000" classname="org.qa.tests.Calc2"/>
  <testcase name="multiply2" time="0.000" classname="org.qa.tests.Calc2"/>
  <testcase name="add2" time="0.000" classname="org.qa.tests.Calc2"/>
</testsuite> <!-- org.qa.tests.Calc2 -->
