<?xml version="1.0" encoding="UTF-8"?>
<!-- Generated by org.testng.reporters.JUnitReportReporter -->
<testsuite hostname="DESKTOP-PSORTJL" name="org.qa.tests.Calc3" tests="4" failures="0" timestamp="4 Apr 2019 19:36:13 GMT" time="0.014" errors="0">
  <testcase name="multiply3" time="0.012" classname="org.qa.tests.Calc3"/>
  <testcase name="subtract3" time="0.000" classname="org.qa.tests.Calc3"/>
  <testcase name="add3" time="0.002" classname="org.qa.tests.Calc3"/>
  <testcase name="divide3" time="0.000" classname="org.qa.tests.Calc3"/>
</testsuite> <!-- org.qa.tests.Calc3 -->
