<?xml version="1.0" encoding="UTF-8"?>
<!-- Generated by org.testng.reporters.JUnitReportReporter -->
<testsuite hostname="DESKTOP-PSORTJL" name="org.qa.tests.Calc1" tests="4" failures="0" timestamp="4 Apr 2019 17:24:11 GMT" time="0.024" errors="0">
  <testcase name="divide1" time="0.002" classname="org.qa.tests.Calc1"/>
  <testcase name="subtract1" time="0.003" classname="org.qa.tests.Calc1"/>
  <testcase name="multiply1" time="0.003" classname="org.qa.tests.Calc1"/>
  <testcase name="add1" time="0.016" classname="org.qa.tests.Calc1"/>
</testsuite> <!-- org.qa.tests.Calc1 -->
