<?xml version="1.0" encoding="UTF-8"?>
<!-- Generated by org.testng.reporters.JUnitReportReporter -->
<testsuite hostname="DESKTOP-PSORTJL" name="org.qa.tests.Calc1" tests="4" failures="0" timestamp="4 Apr 2019 18:13:44 GMT" time="0.029" errors="0">
  <testcase name="multiply1" time="0.008" classname="org.qa.tests.Calc1"/>
  <testcase name="add1" time="0.021" classname="org.qa.tests.Calc1"/>
  <testcase name="subtract1" time="0.000" classname="org.qa.tests.Calc1"/>
  <testcase name="divide1" time="0.000" classname="org.qa.tests.Calc1"/>
</testsuite> <!-- org.qa.tests.Calc1 -->
